[debug] [2020-01-22T19:48:19.133Z] ----------------------------------------------------------------------
[debug] [2020-01-22T19:48:19.135Z] Command:       /usr/local/bin/node /usr/local/bin/firebase deploy --only functions:leeQR
[debug] [2020-01-22T19:48:19.135Z] CLI Version:   7.12.1
[debug] [2020-01-22T19:48:19.136Z] Platform:      darwin
[debug] [2020-01-22T19:48:19.136Z] Node Version:  v10.15.1
[debug] [2020-01-22T19:48:19.136Z] Time:          Wed Jan 22 2020 16:48:19 GMT-0300 (Chile Summer Time)
[debug] [2020-01-22T19:48:19.136Z] ----------------------------------------------------------------------
[debug] [2020-01-22T19:48:19.136Z] 
[debug] [2020-01-22T19:48:19.161Z] > command requires scopes: ["email","openid","https://www.googleapis.com/auth/cloudplatformprojects.readonly","https://www.googleapis.com/auth/firebase","https://www.googleapis.com/auth/cloud-platform"]
[debug] [2020-01-22T19:48:19.162Z] > authorizing via signed-in user
[debug] [2020-01-22T19:48:19.162Z] [iam] checking project e-receta-4b81d for permissions ["cloudfunctions.functions.create","cloudfunctions.functions.delete","cloudfunctions.functions.get","cloudfunctions.functions.list","cloudfunctions.functions.update","cloudfunctions.operations.get","firebase.projects.get"]
[debug] [2020-01-22T19:48:19.164Z] > refreshing access token with scopes: ["email","https://www.googleapis.com/auth/cloud-platform","https://www.googleapis.com/auth/cloudplatformprojects.readonly","https://www.googleapis.com/auth/firebase","openid"]
[debug] [2020-01-22T19:48:19.164Z] >>> HTTP REQUEST POST https://www.googleapis.com/oauth2/v3/token  
 <request body omitted>
[debug] [2020-01-22T19:48:19.537Z] <<< HTTP RESPONSE 200
[debug] [2020-01-22T19:48:19.562Z] >>> HTTP REQUEST POST https://cloudresourcemanager.googleapis.com/v1/projects/e-receta-4b81d:testIamPermissions  

[debug] [2020-01-22T19:48:20.968Z] <<< HTTP RESPONSE 200
[info] 
[info] === Deploying to 'e-receta-4b81d'...
[info] 
[info] i  deploying functions
[debug] [2020-01-22T19:48:26.311Z] > [functions] package.json contents: {
  "name": "functions",
  "description": "Cloud Functions for Firebase",
  "scripts": {
    "serve": "firebase serve --only functions",
    "shell": "firebase functions:shell",
    "start": "npm run shell",
    "deploy": "firebase deploy --only functions",
    "logs": "firebase functions:log"
  },
  "engines": {
    "node": "10"
  },
  "dependencies": {
    "firebase-admin": "^8.6.0",
    "firebase-functions": "^3.3.0",
    "openpgp": "^4.8.0",
    "puppeteer": "^2.0.0",
    "request": "^2.88.0",
    "request-promise": "^4.2.5"
  },
  "devDependencies": {
    "firebase-functions-test": "^0.1.6"
  },
  "private": true
}
[info] i  functions: ensuring necessary APIs are enabled...
[debug] [2020-01-22T19:48:26.312Z] >>> HTTP REQUEST GET https://serviceusage.googleapis.com/v1/projects/e-receta-4b81d/services/cloudfunctions.googleapis.com  
 
[debug] [2020-01-22T19:48:26.313Z] >>> HTTP REQUEST GET https://serviceusage.googleapis.com/v1/projects/e-receta-4b81d/services/runtimeconfig.googleapis.com  
 
[debug] [2020-01-22T19:48:27.729Z] <<< HTTP RESPONSE 200
[debug] [2020-01-22T19:48:27.799Z] <<< HTTP RESPONSE 200
[info] ✔  functions: all necessary APIs are enabled
[debug] [2020-01-22T19:48:27.800Z] >>> HTTP REQUEST GET https://firebase.googleapis.com/v1beta1/projects/e-receta-4b81d/adminSdkConfig  
 
[debug] [2020-01-22T19:48:29.265Z] <<< HTTP RESPONSE 200
[info] i  functions: preparing functions directory for uploading...
[debug] [2020-01-22T19:48:29.270Z] >>> HTTP REQUEST GET https://runtimeconfig.googleapis.com/v1beta1/projects/e-receta-4b81d/configs  
 
[debug] [2020-01-22T19:48:30.872Z] <<< HTTP RESPONSE 200
[debug] [2020-01-22T19:48:30.873Z] >>> HTTP REQUEST GET https://runtimeconfig.googleapis.com/v1beta1/projects/e-receta-4b81d/configs/supersalud/variables  
 
[debug] [2020-01-22T19:48:32.130Z] <<< HTTP RESPONSE 200
[debug] [2020-01-22T19:48:32.131Z] >>> HTTP REQUEST GET https://runtimeconfig.googleapis.com/v1beta1/projects/e-receta-4b81d/configs/supersalud/variables/key  
 
[debug] [2020-01-22T19:48:33.366Z] <<< HTTP RESPONSE 200
[info] i  functions: packaged functions (99.52 KB) for uploading
[debug] [2020-01-22T19:48:35.609Z] >>> HTTP REQUEST POST https://cloudfunctions.googleapis.com/v1/projects/e-receta-4b81d/locations/us-central1/functions:generateUploadUrl  
 
[debug] [2020-01-22T19:48:37.477Z] <<< HTTP RESPONSE 200
[debug] [2020-01-22T19:48:37.478Z] >>> HTTP REQUEST PUT https://storage.googleapis.com/gcf-upload-us-central1-10781d61-fe47-4de3-8a29-d9c0e7ff2b19/21331d40-251e-42a4-81fd-0efcd9d2aa8d.zip?GoogleAccessId=service-182069811844@gcf-admin-robot.iam.gserviceaccount.com&Expires=1579724312&Signature=StnRJzFtQ7h%2FyIWbgxOi2EN13R40pvyQXhOMb6EbNVGkVCwdliepcXchp6C3XITW4qxHPNsmUcsiLgr8nM2259MvGM1TR8H3RNr0enb2bsgrta6uwaKMkMV%2BpG0XxhX7O10eC33tB4iQ3u4Ni%2BG10BOs%2FMYCF6FglkUgW55%2FwgOa7sGh%2BI9nQRNk73t2dZYYZuFbS86pB%2FZRoSMvwyiyPO2lvWZjlkwEq%2BxGsfJL%2BH2eLFjPYY%2FdHtYUQ3H1PL6hSVTwhNw26u0K5y%2BS1s8e5NGTygv4221zjtVvHSykP%2BjUs8%2FHeQus5Lpo59AozWDpYF6LNq2MelgX3jWRLQ2bmw%3D%3D  
 <request body omitted>
[debug] [2020-01-22T19:48:39.023Z] <<< HTTP RESPONSE 200
[info] ✔  functions: functions folder uploaded successfully
[debug] [2020-01-22T19:48:39.028Z] >>> HTTP REQUEST GET https://cloudfunctions.googleapis.com/v1/projects/e-receta-4b81d/locations/-/functions  
 
[debug] [2020-01-22T19:48:39.616Z] <<< HTTP RESPONSE 200
[debug] [2020-01-22T19:48:39.619Z] > [functions] filtering triggers to: [
  "projects/e-receta-4b81d/locations/us-central1/functions/leeQR"
]
[info] i  functions: current functions in project: creaFirma(us-central1), creaReceta(us-central1), leeQR(us-central1), validaMed(us-central1), validaSerie(us-central1)
[info] i  functions: uploading functions in project: leeQR(us-central1)
[info] i  functions: updating Node.js 10 (Beta) function leeQR(us-central1)...
[debug] [2020-01-22T19:48:39.632Z] Trigger is:  {"httpsTrigger":{}}
[debug] [2020-01-22T19:48:39.634Z] >>> HTTP REQUEST GET https://serviceusage.googleapis.com/v1/projects/e-receta-4b81d/services/cloudscheduler.googleapis.com  
 
[debug] [2020-01-22T19:48:40.856Z] <<< HTTP RESPONSE 200
[debug] [2020-01-22T19:48:40.859Z] >>> HTTP REQUEST PATCH https://cloudfunctions.googleapis.com/v1/projects/e-receta-4b81d/locations/us-central1/functions/leeQR {"updateMask":"sourceUploadUrl,name,labels,runtime,httpsTrigger"} 

[debug] [2020-01-22T19:48:42.929Z] <<< HTTP RESPONSE 200
[debug] [2020-01-22T19:48:42.934Z] >>> HTTP REQUEST GET https://cloudfunctions.googleapis.com/v1/projects/e-receta-4b81d/locations/-/functions  
 
[debug] [2020-01-22T19:48:44.523Z] <<< HTTP RESPONSE 200
[debug] [2020-01-22T19:48:44.524Z] >>> HTTP REQUEST GET https://cloudfunctions.googleapis.com/v1/operations/ZS1yZWNldGEtNGI4MWQvdXMtY2VudHJhbDEvbGVlUVIvcmlpcEJ1Tk5RUUk  
 
[debug] [2020-01-22T19:48:44.929Z] <<< HTTP RESPONSE 200
[debug] [2020-01-22T19:48:46.931Z] >>> HTTP REQUEST GET https://cloudfunctions.googleapis.com/v1/operations/ZS1yZWNldGEtNGI4MWQvdXMtY2VudHJhbDEvbGVlUVIvcmlpcEJ1Tk5RUUk  
 
[debug] [2020-01-22T19:48:47.284Z] <<< HTTP RESPONSE 200
[debug] [2020-01-22T19:48:49.288Z] >>> HTTP REQUEST GET https://cloudfunctions.googleapis.com/v1/operations/ZS1yZWNldGEtNGI4MWQvdXMtY2VudHJhbDEvbGVlUVIvcmlpcEJ1Tk5RUUk  
 
[debug] [2020-01-22T19:48:50.585Z] <<< HTTP RESPONSE 200
[debug] [2020-01-22T19:48:52.588Z] >>> HTTP REQUEST GET https://cloudfunctions.googleapis.com/v1/operations/ZS1yZWNldGEtNGI4MWQvdXMtY2VudHJhbDEvbGVlUVIvcmlpcEJ1Tk5RUUk  
 
[debug] [2020-01-22T19:48:53.829Z] <<< HTTP RESPONSE 200
[debug] [2020-01-22T19:48:55.830Z] >>> HTTP REQUEST GET https://cloudfunctions.googleapis.com/v1/operations/ZS1yZWNldGEtNGI4MWQvdXMtY2VudHJhbDEvbGVlUVIvcmlpcEJ1Tk5RUUk  
 
[debug] [2020-01-22T19:48:56.708Z] <<< HTTP RESPONSE 200
[debug] [2020-01-22T19:48:58.715Z] >>> HTTP REQUEST GET https://cloudfunctions.googleapis.com/v1/operations/ZS1yZWNldGEtNGI4MWQvdXMtY2VudHJhbDEvbGVlUVIvcmlpcEJ1Tk5RUUk  
 
[debug] [2020-01-22T19:48:59.981Z] <<< HTTP RESPONSE 200
[debug] [2020-01-22T19:49:01.984Z] >>> HTTP REQUEST GET https://cloudfunctions.googleapis.com/v1/operations/ZS1yZWNldGEtNGI4MWQvdXMtY2VudHJhbDEvbGVlUVIvcmlpcEJ1Tk5RUUk  
 
[debug] [2020-01-22T19:49:03.268Z] <<< HTTP RESPONSE 200
[debug] [2020-01-22T19:49:05.274Z] >>> HTTP REQUEST GET https://cloudfunctions.googleapis.com/v1/operations/ZS1yZWNldGEtNGI4MWQvdXMtY2VudHJhbDEvbGVlUVIvcmlpcEJ1Tk5RUUk  
 
[debug] [2020-01-22T19:49:06.550Z] <<< HTTP RESPONSE 200
[debug] [2020-01-22T19:49:08.558Z] >>> HTTP REQUEST GET https://cloudfunctions.googleapis.com/v1/operations/ZS1yZWNldGEtNGI4MWQvdXMtY2VudHJhbDEvbGVlUVIvcmlpcEJ1Tk5RUUk  
 
[debug] [2020-01-22T19:49:08.846Z] <<< HTTP RESPONSE 200
[debug] [2020-01-22T19:49:10.848Z] >>> HTTP REQUEST GET https://cloudfunctions.googleapis.com/v1/operations/ZS1yZWNldGEtNGI4MWQvdXMtY2VudHJhbDEvbGVlUVIvcmlpcEJ1Tk5RUUk  
 
[debug] [2020-01-22T19:49:12.578Z] <<< HTTP RESPONSE 200
[debug] [2020-01-22T19:49:14.580Z] >>> HTTP REQUEST GET https://cloudfunctions.googleapis.com/v1/operations/ZS1yZWNldGEtNGI4MWQvdXMtY2VudHJhbDEvbGVlUVIvcmlpcEJ1Tk5RUUk  
 
[debug] [2020-01-22T19:49:14.909Z] <<< HTTP RESPONSE 200
[debug] [2020-01-22T19:49:16.915Z] >>> HTTP REQUEST GET https://cloudfunctions.googleapis.com/v1/operations/ZS1yZWNldGEtNGI4MWQvdXMtY2VudHJhbDEvbGVlUVIvcmlpcEJ1Tk5RUUk  
 
[debug] [2020-01-22T19:49:18.312Z] <<< HTTP RESPONSE 200
[debug] [2020-01-22T19:49:20.318Z] >>> HTTP REQUEST GET https://cloudfunctions.googleapis.com/v1/operations/ZS1yZWNldGEtNGI4MWQvdXMtY2VudHJhbDEvbGVlUVIvcmlpcEJ1Tk5RUUk  
 
[debug] [2020-01-22T19:49:20.758Z] <<< HTTP RESPONSE 200
[debug] [2020-01-22T19:49:22.764Z] >>> HTTP REQUEST GET https://cloudfunctions.googleapis.com/v1/operations/ZS1yZWNldGEtNGI4MWQvdXMtY2VudHJhbDEvbGVlUVIvcmlpcEJ1Tk5RUUk  
 
[debug] [2020-01-22T19:49:23.398Z] <<< HTTP RESPONSE 200
[debug] [2020-01-22T19:49:25.404Z] >>> HTTP REQUEST GET https://cloudfunctions.googleapis.com/v1/operations/ZS1yZWNldGEtNGI4MWQvdXMtY2VudHJhbDEvbGVlUVIvcmlpcEJ1Tk5RUUk  
 
[debug] [2020-01-22T19:49:26.686Z] <<< HTTP RESPONSE 200
[debug] [2020-01-22T19:49:28.690Z] >>> HTTP REQUEST GET https://cloudfunctions.googleapis.com/v1/operations/ZS1yZWNldGEtNGI4MWQvdXMtY2VudHJhbDEvbGVlUVIvcmlpcEJ1Tk5RUUk  
 
[debug] [2020-01-22T19:49:30.293Z] <<< HTTP RESPONSE 200
[debug] [2020-01-22T19:49:32.299Z] >>> HTTP REQUEST GET https://cloudfunctions.googleapis.com/v1/operations/ZS1yZWNldGEtNGI4MWQvdXMtY2VudHJhbDEvbGVlUVIvcmlpcEJ1Tk5RUUk  
 
[debug] [2020-01-22T19:49:33.674Z] <<< HTTP RESPONSE 200
[debug] [2020-01-22T19:49:35.676Z] >>> HTTP REQUEST GET https://cloudfunctions.googleapis.com/v1/operations/ZS1yZWNldGEtNGI4MWQvdXMtY2VudHJhbDEvbGVlUVIvcmlpcEJ1Tk5RUUk  
 
[debug] [2020-01-22T19:49:35.992Z] <<< HTTP RESPONSE 200
[debug] [2020-01-22T19:49:37.997Z] >>> HTTP REQUEST GET https://cloudfunctions.googleapis.com/v1/operations/ZS1yZWNldGEtNGI4MWQvdXMtY2VudHJhbDEvbGVlUVIvcmlpcEJ1Tk5RUUk  
 
[debug] [2020-01-22T19:49:39.441Z] <<< HTTP RESPONSE 200
[debug] [2020-01-22T19:49:41.447Z] >>> HTTP REQUEST GET https://cloudfunctions.googleapis.com/v1/operations/ZS1yZWNldGEtNGI4MWQvdXMtY2VudHJhbDEvbGVlUVIvcmlpcEJ1Tk5RUUk  
 
[debug] [2020-01-22T19:49:42.867Z] <<< HTTP RESPONSE 200
[debug] [2020-01-22T19:49:44.873Z] >>> HTTP REQUEST GET https://cloudfunctions.googleapis.com/v1/operations/ZS1yZWNldGEtNGI4MWQvdXMtY2VudHJhbDEvbGVlUVIvcmlpcEJ1Tk5RUUk  
 
[debug] [2020-01-22T19:49:45.206Z] <<< HTTP RESPONSE 200
[debug] [2020-01-22T19:49:47.208Z] >>> HTTP REQUEST GET https://cloudfunctions.googleapis.com/v1/operations/ZS1yZWNldGEtNGI4MWQvdXMtY2VudHJhbDEvbGVlUVIvcmlpcEJ1Tk5RUUk  
 
[debug] [2020-01-22T19:49:47.512Z] <<< HTTP RESPONSE 200
[debug] [2020-01-22T19:49:49.519Z] >>> HTTP REQUEST GET https://cloudfunctions.googleapis.com/v1/operations/ZS1yZWNldGEtNGI4MWQvdXMtY2VudHJhbDEvbGVlUVIvcmlpcEJ1Tk5RUUk  
 
[debug] [2020-01-22T19:49:51.182Z] <<< HTTP RESPONSE 200
